\BOOKMARK [1][-]{section.1}{\376\377\173\054\116\000\377\014\176\374\217\360}{}% 1
\BOOKMARK [1][-]{section.2}{\376\377\173\054\116\214\377\014\152\041\127\213\166\204\121\215\117\356\153\143}{}% 2
\BOOKMARK [2][-]{subsection.2.1}{\376\377\0001\000.\133\371\116\216\171\136\176\317\177\121\176\334\124\214\123\302\145\160\166\204\150\263\164\006\124\214\137\122\176\263}{section.2}% 3
\BOOKMARK [3][-]{subsubsection.2.1.1}{\376\377\000C\000o\000n\000v\000o\000l\000u\000t\000i\000o\000n}{subsection.2.1}% 4
\BOOKMARK [3][-]{subsubsection.2.1.2}{\376\377\000p\000o\000o\000l\000i\000n\000g}{subsection.2.1}% 5
\BOOKMARK [3][-]{subsubsection.2.1.3}{\376\377\000L\000i\000n\000e\000a\000r}{subsection.2.1}% 6
\BOOKMARK [3][-]{subsubsection.2.1.4}{\376\377\000E\000m\000b\000e\000d\000d\000i\000n\000g}{subsection.2.1}% 7
\BOOKMARK [3][-]{subsubsection.2.1.5}{\376\377\000R\000N\000N}{subsection.2.1}% 8
\BOOKMARK [3][-]{subsubsection.2.1.6}{\376\377\117\356\153\143\124\016\152\041\127\213\166\204\145\110\147\234\124\214\122\006\147\220}{subsection.2.1}% 9
\BOOKMARK [2][-]{subsection.2.2}{\376\377\0002\000.\145\260\166\204\145\366\225\364\136\217\122\027\211\302\160\271\166\204\137\025\121\145}{section.2}% 10
\BOOKMARK [2][-]{subsection.2.3}{\376\377\0003\000.\116\011\171\315\140\035\215\357\124\214\133\371\153\324\124\214\140\073\176\323}{section.2}% 11
\BOOKMARK [2][-]{subsection.2.4}{\376\377\0004\000.\145\071\217\333\140\035\215\357}{section.2}% 12
\BOOKMARK [1][-]{section.3}{\376\377\173\054\116\011\060\001\000R\000N\000N\166\204\170\024\172\166\000:\000c\000o\000n\000v\000o\000l\000u\000t\000e\000d\000R\000N\000N\000c\000e\000l\000l}{}% 13
\BOOKMARK [2][-]{subsection.3.1}{\376\377\176\374\217\360}{section.3}% 14
\BOOKMARK [2][-]{subsection.3.2}{\376\377\000n\000e\000w\000c\000e\000l\000l\176\323\147\204}{section.3}% 15
\BOOKMARK [3][-]{subsubsection.3.2.1}{\376\377\000c\000o\000n\000v\000G\000R\000U}{subsection.3.2}% 16
\BOOKMARK [3][-]{subsubsection.3.2.2}{\376\377\000c\000o\000n\000v\000L\000S\000T\000M}{subsection.3.2}% 17
\BOOKMARK [3][-]{subsubsection.3.2.3}{\376\377\000c\000o\000n\000v\000R\000N\000N}{subsection.3.2}% 18
\BOOKMARK [3][-]{subsubsection.3.2.4}{\376\377\000c\000o\000n\000v\000L\000S\000T\000M\000C}{subsection.3.2}% 19
\BOOKMARK [3][-]{subsubsection.3.2.5}{\376\377\000c\000o\000n\000v\000\137\000p\000a\000s\000s\000c\000e\000l\000l\000\137\0001}{subsection.3.2}% 20
\BOOKMARK [3][-]{subsubsection.3.2.6}{\376\377\000c\000o\000n\000v\000\137\000p\000a\000s\000s\000c\000e\000l\000l\000\137\0002}{subsection.3.2}% 21
\BOOKMARK [1][-]{section.4}{\376\377\173\054\126\333\060\001\000b\000a\000s\000e\000l\000i\000n\000e\000\040\000m\000o\000d\000e\000l\377\014\136\217\122\027\122\006\174\173\177\121\176\334}{}% 22
\BOOKMARK [2][-]{subsection.4.1}{\376\377\176\374\217\360}{section.4}% 23
\BOOKMARK [2][-]{subsection.4.2}{\376\377\133\236\232\214}{section.4}% 24
\BOOKMARK [2][-]{subsection.4.3}{\376\377\213\250\213\272}{section.4}% 25
\BOOKMARK [1][-]{section.5}{\376\377\173\054\116\224\060\001\127\372\116\216\000m\000u\000l\000t\000i\000b\000o\000x\000\040\000d\000e\000t\000e\000c\000t\000o\000r\166\204\166\356\150\007\150\300\155\113\177\121\176\334}{}% 26
\BOOKMARK [2][-]{subsection.5.1}{\376\377\176\374\217\360}{section.5}% 27
\BOOKMARK [2][-]{subsection.5.2}{\376\377\213\250\213\272}{section.5}% 28
\BOOKMARK [1][-]{section.6}{\376\377\173\054\121\155\060\001\140\073\176\323}{}% 29
