This is pdfTeX, Version 3.141592653-2.6-1.40.24 (TeX Live 2022) (preloaded format=pdflatex 2022.9.15)  30 AUG 2023 13:20
entering extended mode
 restricted \write18 enabled.
 file:line:error style messages enabled.
 %&-line parsing enabled.
**report1_20230830
(./report1_20230830.tex
LaTeX2e <2021-11-15> patch level 1
L3 programming layer <2022-02-24> (/usr/local/texlive/2022/texmf-dist/tex/latex/base/article.cls
Document Class: article 2021/10/04 v1.4n Standard LaTeX document class
(/usr/local/texlive/2022/texmf-dist/tex/latex/base/size11.clo
File: size11.clo 2021/10/04 v1.4n Standard LaTeX file (size option)
)
\c@part=\count185
\c@section=\count186
\c@subsection=\count187
\c@subsubsection=\count188
\c@paragraph=\count189
\c@subparagraph=\count190
\c@figure=\count191
\c@table=\count192
\abovecaptionskip=\skip47
\belowcaptionskip=\skip48
\bibindent=\dimen138
) (/usr/local/texlive/2022/texmf-dist/tex/latex/tools/multicol.sty
Package: multicol 2021/10/28 v1.9b multicolumn formatting (FMi)
\c@tracingmulticols=\count193
\mult@box=\box50
\multicol@leftmargin=\dimen139
\c@unbalance=\count194
\c@collectmore=\count195
\doublecol@number=\count196
\multicoltolerance=\count197
\multicolpretolerance=\count198
\full@width=\dimen140
\page@free=\dimen141
\premulticols=\dimen142
\postmulticols=\dimen143
\multicolsep=\skip49
\multicolbaselineskip=\skip50
\partial@page=\box51
\last@line=\box52
\maxbalancingoverflow=\dimen144
\mult@rightbox=\box53
\mult@grightbox=\box54
\mult@firstbox=\box55
\mult@gfirstbox=\box56
\@tempa=\box57
\@tempa=\box58
\@tempa=\box59
\@tempa=\box60
\@tempa=\box61
\@tempa=\box62
\@tempa=\box63
\@tempa=\box64
\@tempa=\box65
\@tempa=\box66
\@tempa=\box67
\@tempa=\box68
\@tempa=\box69
\@tempa=\box70
\@tempa=\box71
\@tempa=\box72
\@tempa=\box73
\@tempa=\box74
\@tempa=\box75
\@tempa=\box76
\@tempa=\box77
\@tempa=\box78
\@tempa=\box79
\@tempa=\box80
\@tempa=\box81
\@tempa=\box82
\@tempa=\box83
\@tempa=\box84
\@tempa=\box85
\@tempa=\box86
\@tempa=\box87
\@tempa=\box88
\@tempa=\box89
\@tempa=\box90
\@tempa=\box91
\@tempa=\box92
\c@minrows=\count199
\c@columnbadness=\count266
\c@finalcolumnbadness=\count267
\last@try=\dimen145
\multicolovershoot=\dimen146
\multicolundershoot=\dimen147
\mult@nat@firstbox=\box93
\colbreak@box=\box94
\mc@col@check@num=\count268
) (/usr/local/texlive/2022/texmf-dist/tex/latex/subfigure/subfigure.sty
Package: subfigure 2002/03/15 v2.1.5 subfigure package
\subfigtopskip=\skip51
\subfigcapskip=\skip52
\subfigcaptopadj=\dimen148
\subfigbottomskip=\skip53
\subfigcapmargin=\dimen149
\subfiglabelskip=\skip54
\c@subfigure=\count269
\c@lofdepth=\count270
\c@subtable=\count271
\c@lotdepth=\count272

****************************************
* Local config file subfigure.cfg used *
****************************************
(/usr/local/texlive/2022/texmf-dist/tex/latex/subfigure/subfigure.cfg)
\subfig@top=\skip55
\subfig@bottom=\skip56
) (/usr/local/texlive/2022/texmf-dist/tex/latex/mathtools/mathtools.sty
Package: mathtools 2022/02/07 v1.28a mathematical typesetting tools
 (/usr/local/texlive/2022/texmf-dist/tex/latex/graphics/keyval.sty
Package: keyval 2014/10/28 v1.15 key=value parser (DPC)
\KV@toks@=\toks16
) (/usr/local/texlive/2022/texmf-dist/tex/latex/tools/calc.sty
Package: calc 2017/05/25 v4.3 Infix arithmetic (KKT,FJ)
\calc@Acount=\count273
\calc@Bcount=\count274
\calc@Adimen=\dimen150
\calc@Bdimen=\dimen151
\calc@Askip=\skip57
\calc@Bskip=\skip58
LaTeX Info: Redefining \setlength on input line 80.
LaTeX Info: Redefining \addtolength on input line 81.
\calc@Ccount=\count275
\calc@Cskip=\skip59
) (/usr/local/texlive/2022/texmf-dist/tex/latex/mathtools/mhsetup.sty
Package: mhsetup 2021/03/18 v1.4 programming setup (MH)
) (/usr/local/texlive/2022/texmf-dist/tex/latex/amsmath/amsmath.sty
Package: amsmath 2021/10/15 v2.17l AMS math features
\@mathmargin=\skip60

For additional information on amsmath, use the `?' option.
(/usr/local/texlive/2022/texmf-dist/tex/latex/amsmath/amstext.sty
Package: amstext 2021/08/26 v2.01 AMS text
 (/usr/local/texlive/2022/texmf-dist/tex/latex/amsmath/amsgen.sty
File: amsgen.sty 1999/11/30 v2.0 generic functions
\@emptytoks=\toks17
\ex@=\dimen152
)) (/usr/local/texlive/2022/texmf-dist/tex/latex/amsmath/amsbsy.sty
Package: amsbsy 1999/11/29 v1.2d Bold Symbols
\pmbraise@=\dimen153
) (/usr/local/texlive/2022/texmf-dist/tex/latex/amsmath/amsopn.sty
Package: amsopn 2021/08/26 v2.02 operator names
)
\inf@bad=\count276
LaTeX Info: Redefining \frac on input line 234.
\uproot@=\count277
\leftroot@=\count278
LaTeX Info: Redefining \overline on input line 399.
\classnum@=\count279
\DOTSCASE@=\count280
LaTeX Info: Redefining \ldots on input line 496.
LaTeX Info: Redefining \dots on input line 499.
LaTeX Info: Redefining \cdots on input line 620.
\Mathstrutbox@=\box95
\strutbox@=\box96
\big@size=\dimen154
LaTeX Font Info:    Redeclaring font encoding OML on input line 743.
LaTeX Font Info:    Redeclaring font encoding OMS on input line 744.
\macc@depth=\count281
\c@MaxMatrixCols=\count282
\dotsspace@=\muskip16
\c@parentequation=\count283
\dspbrk@lvl=\count284
\tag@help=\toks18
\row@=\count285
\column@=\count286
\maxfields@=\count287
\andhelp@=\toks19
\eqnshift@=\dimen155
\alignsep@=\dimen156
\tagshift@=\dimen157
\tagwidth@=\dimen158
\totwidth@=\dimen159
\lineht@=\dimen160
\@envbody=\toks20
\multlinegap=\skip61
\multlinetaggap=\skip62
\mathdisplay@stack=\toks21
LaTeX Info: Redefining \[ on input line 2938.
LaTeX Info: Redefining \] on input line 2939.
)
\g_MT_multlinerow_int=\count288
\l_MT_multwidth_dim=\dimen161
\origjot=\skip63
\l_MT_shortvdotswithinadjustabove_dim=\dimen162
\l_MT_shortvdotswithinadjustbelow_dim=\dimen163
\l_MT_above_intertext_sep=\dimen164
\l_MT_below_intertext_sep=\dimen165
\l_MT_above_shortintertext_sep=\dimen166
\l_MT_below_shortintertext_sep=\dimen167
\xmathstrut@box=\box97
\xmathstrut@dim=\dimen168
) (/usr/local/texlive/2022/texmf-dist/tex/latex/graphics/graphicx.sty
Package: graphicx 2021/09/16 v1.2d Enhanced LaTeX Graphics (DPC,SPQR)
 (/usr/local/texlive/2022/texmf-dist/tex/latex/graphics/graphics.sty
Package: graphics 2021/03/04 v1.4d Standard LaTeX Graphics (DPC,SPQR)
 (/usr/local/texlive/2022/texmf-dist/tex/latex/graphics/trig.sty
Package: trig 2021/08/11 v1.11 sin cos tan (DPC)
) (/usr/local/texlive/2022/texmf-dist/tex/latex/graphics-cfg/graphics.cfg
File: graphics.cfg 2016/06/04 v1.11 sample graphics configuration
)
Package graphics Info: Driver file: pdftex.def on input line 107.
 (/usr/local/texlive/2022/texmf-dist/tex/latex/graphics-def/pdftex.def
File: pdftex.def 2020/10/05 v1.2a Graphics/color driver for pdftex
))
\Gin@req@height=\dimen169
\Gin@req@width=\dimen170
) (/usr/local/texlive/2022/texmf-dist/tex/latex/jknapltx/mathrsfs.sty
Package: mathrsfs 1996/01/01 Math RSFS package v1.0 (jk)
\symrsfs=\mathgroup4
) (/usr/local/texlive/2022/texmf-dist/tex/latex/geometry/geometry.sty
Package: geometry 2020/01/02 v5.9 Page Geometry
 (/usr/local/texlive/2022/texmf-dist/tex/generic/iftex/ifvtex.sty
Package: ifvtex 2019/10/25 v1.7 ifvtex legacy package. Use iftex instead.
 (/usr/local/texlive/2022/texmf-dist/tex/generic/iftex/iftex.sty
Package: iftex 2022/02/03 v1.0f TeX engine tests
))
\Gm@cnth=\count289
\Gm@cntv=\count290
\c@Gm@tempcnt=\count291
\Gm@bindingoffset=\dimen171
\Gm@wd@mp=\dimen172
\Gm@odd@mp=\dimen173
\Gm@even@mp=\dimen174
\Gm@layoutwidth=\dimen175
\Gm@layoutheight=\dimen176
\Gm@layouthoffset=\dimen177
\Gm@layoutvoffset=\dimen178
\Gm@dimlist=\toks22
) (/usr/local/texlive/2022/texmf-dist/tex/latex/pdflscape/pdflscape.sty
Package: pdflscape 2019/12/05 v0.12 Display of landscape pages in PDF (HO)
 (/usr/local/texlive/2022/texmf-dist/tex/latex/graphics/lscape.sty
Package: lscape 2020/05/28 v3.02 Landscape Pages (DPC)
)
Package pdflscape Info: Auto-detected driver: pdftex on input line 81.
) (/usr/local/texlive/2022/texmf-dist/tex/latex/psnfss/times.sty
Package: times 2020/03/25 PSNFSS-v9.3 (SPQR) 
) (/usr/local/texlive/2022/texmf-dist/tex/latex/tools/bm.sty
Package: bm 2021/04/25 v1.2e Bold Symbol Support (DPC/FMi)
\symboldoperators=\mathgroup5
\symboldletters=\mathgroup6
\symboldsymbols=\mathgroup7
Package bm Info: No bold for \OMX/cmex/m/n, using \pmb.
Package bm Info: No bold for \U/rsfs/m/n, using \pmb.
LaTeX Font Info:    Redeclaring math alphabet \mathbf on input line 149.
) (/usr/local/texlive/2022/texmf-dist/tex/latex/graphics/color.sty
Package: color 2021/12/07 v1.3c Standard LaTeX Color (DPC)
 (/usr/local/texlive/2022/texmf-dist/tex/latex/graphics-cfg/color.cfg
File: color.cfg 2016/01/02 v1.6 sample color configuration
)
Package color Info: Driver file: pdftex.def on input line 149.
) (/usr/local/texlive/2022/texmf-dist/tex/latex/caption/caption.sty
Package: caption 2022/03/01 v3.6b Customizing captions (AR)
 (/usr/local/texlive/2022/texmf-dist/tex/latex/caption/caption3.sty
Package: caption3 2022/03/17 v2.3b caption3 kernel (AR)
\caption@tempdima=\dimen179
\captionmargin=\dimen180
\caption@leftmargin=\dimen181
\caption@rightmargin=\dimen182
\caption@width=\dimen183
\caption@indent=\dimen184
\caption@parindent=\dimen185
\caption@hangindent=\dimen186
Package caption Info: Standard document class detected.
)
\c@caption@flags=\count292
\c@continuedfloat=\count293
Package caption Info: subfigure package is loaded.
) (/usr/local/texlive/2022/texmf-dist/tex/latex/amsfonts/amssymb.sty
Package: amssymb 2013/01/14 v3.01 AMS font symbols
 (/usr/local/texlive/2022/texmf-dist/tex/latex/amsfonts/amsfonts.sty
Package: amsfonts 2013/01/14 v3.01 Basic AMSFonts support
\symAMSa=\mathgroup8
\symAMSb=\mathgroup9
LaTeX Font Info:    Redeclaring math symbol \hbar on input line 98.
LaTeX Font Info:    Overwriting math alphabet `\mathfrak' in version `bold'
(Font)                  U/euf/m/n --> U/euf/b/n on input line 106.
)) (/usr/local/texlive/2022/texmf-dist/tex/latex/tools/longtable.sty
Package: longtable 2021-09-01 v4.17 Multi-page Table package (DPC)
\LTleft=\skip64
\LTright=\skip65
\LTpre=\skip66
\LTpost=\skip67
\LTchunksize=\count294
\LTcapwidth=\dimen187
\LT@head=\box98
\LT@firsthead=\box99
\LT@foot=\box100
\LT@lastfoot=\box101
\LT@gbox=\box102
\LT@cols=\count295
\LT@rows=\count296
\c@LT@tables=\count297
\c@LT@chunks=\count298
\LT@p@ftn=\toks23
) (/usr/local/texlive/2022/texmf-dist/tex/latex/listings/listings.sty
\lst@mode=\count299
\lst@gtempboxa=\box103
\lst@token=\toks24
\lst@length=\count300
\lst@currlwidth=\dimen188
\lst@column=\count301
\lst@pos=\count302
\lst@lostspace=\dimen189
\lst@width=\dimen190
\lst@newlines=\count303
\lst@lineno=\count304
\lst@maxwidth=\dimen191
 (/usr/local/texlive/2022/texmf-dist/tex/latex/listings/lstmisc.sty
File: lstmisc.sty 2020/03/24 1.8d (Carsten Heinz)
\c@lstnumber=\count305
\lst@skipnumbers=\count306
\lst@framebox=\box104
) (/usr/local/texlive/2022/texmf-dist/tex/latex/listings/listings.cfg
File: listings.cfg 2020/03/24 1.8d listings configuration
))
Package: listings 2020/03/24 1.8d (Carsten Heinz)
 (/usr/local/texlive/2022/texmf-dist/tex/latex/base/textcomp.sty
Package: textcomp 2020/02/02 v2.0n Standard LaTeX package
) (/usr/local/texlive/2022/texmf-dist/tex/latex/xcolor/xcolor.sty
Package: xcolor 2021/10/31 v2.13 LaTeX color extensions (UK)
 (/usr/local/texlive/2022/texmf-dist/tex/latex/graphics-cfg/color.cfg
File: color.cfg 2016/01/02 v1.6 sample color configuration
)
Package xcolor Info: Driver file: pdftex.def on input line 227.
LaTeX Info: Redefining \color on input line 711.
Package xcolor Info: Model `cmy' substituted by `cmy0' on input line 1352.
Package xcolor Info: Model `hsb' substituted by `rgb' on input line 1356.
Package xcolor Info: Model `RGB' extended on input line 1368.
Package xcolor Info: Model `HTML' substituted by `rgb' on input line 1370.
Package xcolor Info: Model `Hsb' substituted by `hsb' on input line 1371.
Package xcolor Info: Model `tHsb' substituted by `hsb' on input line 1372.
Package xcolor Info: Model `HSB' substituted by `hsb' on input line 1373.
Package xcolor Info: Model `Gray' substituted by `gray' on input line 1374.
Package xcolor Info: Model `wave' substituted by `hsb' on input line 1375.
) (/usr/local/texlive/2022/texmf-dist/tex/latex/algorithm2e/algorithm2e.sty
Package: algorithm2e 2017/07/18 v5.2 algorithms environments
\c@AlgoLine=\count307
 (/usr/local/texlive/2022/texmf-dist/tex/latex/base/ifthen.sty
Package: ifthen 2020/11/24 v1.1c Standard LaTeX ifthen package (DPC)
)
\algocf@hangindent=\skip68
 (/usr/local/texlive/2022/texmf-dist/tex/latex/ifoddpage/ifoddpage.sty
Package: ifoddpage 2016/04/23 v1.1 Conditionals for odd/even page detection
\c@checkoddpage=\count308
) (/usr/local/texlive/2022/texmf-dist/tex/latex/tools/xspace.sty
Package: xspace 2014/10/28 v1.13 Space after command names (DPC,MH)
) (/usr/local/texlive/2022/texmf-dist/tex/latex/relsize/relsize.sty
Package: relsize 2013/03/29 ver 4.1
)
\skiptotal=\skip69
\skiplinenumber=\skip70
\skiprule=\skip71
\skiphlne=\skip72
\skiptext=\skip73
\skiplength=\skip74
\algomargin=\skip75
\skipalgocfslide=\skip76
\algowidth=\dimen192
\inoutsize=\dimen193
\inoutindent=\dimen194
\interspacetitleruled=\dimen195
\interspacealgoruled=\dimen196
\interspacetitleboxruled=\dimen197
\algocf@ruledwidth=\skip77
\algocf@inoutbox=\box105
\algocf@inputbox=\box106
\AlCapSkip=\skip78
\AlCapHSkip=\skip79
\algoskipindent=\skip80
\algocf@nlbox=\box107
\algocf@hangingbox=\box108
\algocf@untilbox=\box109
\algocf@skipuntil=\skip81
\algocf@capbox=\box110
\algocf@lcaptionbox=\skip82
\algoheightruledefault=\skip83
\algoheightrule=\skip84
\algotitleheightruledefault=\skip85
\algotitleheightrule=\skip86
\c@algocfline=\count309
\c@algocfproc=\count310
\c@algocf=\count311
\algocf@algoframe=\box111
\algocf@algobox=\box112
) (/usr/local/texlive/2022/texmf-dist/tex/latex/float/float.sty
Package: float 2001/11/08 v1.3d Float enhancements (AL)
\c@float@type=\count312
\float@exts=\toks25
\float@box=\box113
\@float@everytoks=\toks26
\@floatcapt=\box114
) (/usr/local/texlive/2022/texmf-dist/tex/latex/algorithmicx/algorithmicx.sty
Package: algorithmicx 2005/04/27 v1.2 Algorithmicx

Document Style algorithmicx 1.2 - a greatly improved `algorithmic' style
\c@ALG@line=\count313
\c@ALG@rem=\count314
\c@ALG@nested=\count315
\ALG@tlm=\skip87
\ALG@thistlm=\skip88
\c@ALG@Lnr=\count316
\c@ALG@blocknr=\count317
\c@ALG@storecount=\count318
\c@ALG@tmpcounter=\count319
\ALG@tmplength=\skip89
) (/usr/local/texlive/2022/texmf-dist/tex/latex/algorithmicx/algpseudocode.sty
Package: algpseudocode 

Document Style - pseudocode environments for use with the `algorithmicx' style
) (/usr/local/texlive/2022/texmf-dist/tex/latex/hyperref/hyperref.sty
Package: hyperref 2022-02-21 v7.00n Hypertext links for LaTeX
 (/usr/local/texlive/2022/texmf-dist/tex/generic/ltxcmds/ltxcmds.sty
Package: ltxcmds 2020-05-10 v1.25 LaTeX kernel commands for general use (HO)
) (/usr/local/texlive/2022/texmf-dist/tex/generic/pdftexcmds/pdftexcmds.sty
Package: pdftexcmds 2020-06-27 v0.33 Utility functions of pdfTeX for LuaTeX (HO)
 (/usr/local/texlive/2022/texmf-dist/tex/generic/infwarerr/infwarerr.sty
Package: infwarerr 2019/12/03 v1.5 Providing info/warning/error messages (HO)
)
Package pdftexcmds Info: \pdf@primitive is available.
Package pdftexcmds Info: \pdf@ifprimitive is available.
Package pdftexcmds Info: \pdfdraftmode found.
) (/usr/local/texlive/2022/texmf-dist/tex/generic/kvsetkeys/kvsetkeys.sty
Package: kvsetkeys 2019/12/15 v1.18 Key value parser (HO)
) (/usr/local/texlive/2022/texmf-dist/tex/generic/kvdefinekeys/kvdefinekeys.sty
Package: kvdefinekeys 2019-12-19 v1.6 Define keys (HO)
) (/usr/local/texlive/2022/texmf-dist/tex/generic/pdfescape/pdfescape.sty
Package: pdfescape 2019/12/09 v1.15 Implements pdfTeX's escape features (HO)
) (/usr/local/texlive/2022/texmf-dist/tex/latex/hycolor/hycolor.sty
Package: hycolor 2020-01-27 v1.10 Color options for hyperref/bookmark (HO)
) (/usr/local/texlive/2022/texmf-dist/tex/latex/letltxmacro/letltxmacro.sty
Package: letltxmacro 2019/12/03 v1.6 Let assignment for LaTeX macros (HO)
) (/usr/local/texlive/2022/texmf-dist/tex/latex/auxhook/auxhook.sty
Package: auxhook 2019-12-17 v1.6 Hooks for auxiliary files (HO)
) (/usr/local/texlive/2022/texmf-dist/tex/latex/kvoptions/kvoptions.sty
Package: kvoptions 2020-10-07 v3.14 Key value format for package options (HO)
)
\@linkdim=\dimen198
\Hy@linkcounter=\count320
\Hy@pagecounter=\count321
 (/usr/local/texlive/2022/texmf-dist/tex/latex/hyperref/pd1enc.def
File: pd1enc.def 2022-02-21 v7.00n Hyperref: PDFDocEncoding definition (HO)
Now handling font encoding PD1 ...
... no UTF-8 mapping file for font encoding PD1
) (/usr/local/texlive/2022/texmf-dist/tex/generic/intcalc/intcalc.sty
Package: intcalc 2019/12/15 v1.3 Expandable calculations with integers (HO)
) (/usr/local/texlive/2022/texmf-dist/tex/generic/etexcmds/etexcmds.sty
Package: etexcmds 2019/12/15 v1.7 Avoid name clashes with e-TeX commands (HO)
)
\Hy@SavedSpaceFactor=\count322
 (/usr/local/texlive/2022/texmf-dist/tex/latex/hyperref/puenc.def
File: puenc.def 2022-02-21 v7.00n Hyperref: PDF Unicode definition (HO)
Now handling font encoding PU ...
... no UTF-8 mapping file for font encoding PU
)
Package hyperref Info: Hyper figures OFF on input line 4137.
Package hyperref Info: Link nesting OFF on input line 4142.
Package hyperref Info: Hyper index ON on input line 4145.
Package hyperref Info: Plain pages OFF on input line 4152.
Package hyperref Info: Backreferencing OFF on input line 4157.
Package hyperref Info: Implicit mode ON; LaTeX internals redefined.
Package hyperref Info: Bookmarks ON on input line 4390.
\c@Hy@tempcnt=\count323
 (/usr/local/texlive/2022/texmf-dist/tex/latex/url/url.sty
\Urlmuskip=\muskip17
Package: url 2013/09/16  ver 3.4  Verb mode for urls, etc.
)
LaTeX Info: Redefining \url on input line 4749.
\XeTeXLinkMargin=\dimen199
 (/usr/local/texlive/2022/texmf-dist/tex/generic/bitset/bitset.sty
Package: bitset 2019/12/09 v1.3 Handle bit-vector datatype (HO)
 (/usr/local/texlive/2022/texmf-dist/tex/generic/bigintcalc/bigintcalc.sty
Package: bigintcalc 2019/12/15 v1.5 Expandable calculations on big integers (HO)
))
\Fld@menulength=\count324
\Field@Width=\dimen256
\Fld@charsize=\dimen257
Package hyperref Info: Hyper figures OFF on input line 6027.
Package hyperref Info: Link nesting OFF on input line 6032.
Package hyperref Info: Hyper index ON on input line 6035.
Package hyperref Info: backreferencing OFF on input line 6042.
Package hyperref Info: Link coloring OFF on input line 6047.
Package hyperref Info: Link coloring with OCG OFF on input line 6052.
Package hyperref Info: PDF/A mode OFF on input line 6057.
LaTeX Info: Redefining \ref on input line 6097.
LaTeX Info: Redefining \pageref on input line 6101.
 (/usr/local/texlive/2022/texmf-dist/tex/latex/base/atbegshi-ltx.sty
Package: atbegshi-ltx 2021/01/10 v1.0c Emulation of the original atbegshi
package with kernel methods
)
\Hy@abspage=\count325
\c@Item=\count326
\c@Hfootnote=\count327
)
Package hyperref Info: Driver (autodetected): hpdftex.
 (/usr/local/texlive/2022/texmf-dist/tex/latex/hyperref/hpdftex.def
File: hpdftex.def 2022-02-21 v7.00n Hyperref driver for pdfTeX
 (/usr/local/texlive/2022/texmf-dist/tex/latex/base/atveryend-ltx.sty
Package: atveryend-ltx 2020/08/19 v1.0a Emulation of the original atveryend package
with kernel methods
)
\Fld@listcount=\count328
\c@bookmark@seq@number=\count329
 (/usr/local/texlive/2022/texmf-dist/tex/latex/rerunfilecheck/rerunfilecheck.sty
Package: rerunfilecheck 2019/12/05 v1.9 Rerun checks for auxiliary files (HO)
 (/usr/local/texlive/2022/texmf-dist/tex/generic/uniquecounter/uniquecounter.sty
Package: uniquecounter 2019/12/15 v1.4 Provide unlimited unique counter (HO)
)
Package uniquecounter Info: New unique counter `rerunfilecheck' on input line 286.
)
\Hy@SectionHShift=\skip90
)
Package hyperref Info: Option `colorlinks' set `true' on input line 35.
Package hyperref Info: Option `breaklinks' set `true' on input line 35.
LaTeX Font Info:    Trying to load font information for OT1+ptm on input line 42.
 (/usr/local/texlive/2022/texmf-dist/tex/latex/psnfss/ot1ptm.fd
File: ot1ptm.fd 2001/06/04 font definitions for OT1/ptm.
) (/usr/local/texlive/2022/texmf-dist/tex/latex/l3backend/l3backend-pdftex.def
File: l3backend-pdftex.def 2022-02-07 L3 backend support: PDF output (pdfTeX)
\l__color_backend_stack_int=\count330
\l__pdf_internal_box=\box115
)
No file report1_20230830.aux.
\openout1 = `report1_20230830.aux'.

LaTeX Font Info:    Checking defaults for OML/cmm/m/it on input line 42.
LaTeX Font Info:    ... okay on input line 42.
LaTeX Font Info:    Checking defaults for OMS/cmsy/m/n on input line 42.
LaTeX Font Info:    ... okay on input line 42.
LaTeX Font Info:    Checking defaults for OT1/cmr/m/n on input line 42.
LaTeX Font Info:    ... okay on input line 42.
LaTeX Font Info:    Checking defaults for T1/cmr/m/n on input line 42.
LaTeX Font Info:    ... okay on input line 42.
LaTeX Font Info:    Checking defaults for TS1/cmr/m/n on input line 42.
LaTeX Font Info:    ... okay on input line 42.
LaTeX Font Info:    Checking defaults for OMX/cmex/m/n on input line 42.
LaTeX Font Info:    ... okay on input line 42.
LaTeX Font Info:    Checking defaults for U/cmr/m/n on input line 42.
LaTeX Font Info:    ... okay on input line 42.
LaTeX Font Info:    Checking defaults for PD1/pdf/m/n on input line 42.
LaTeX Font Info:    ... okay on input line 42.
LaTeX Font Info:    Checking defaults for PU/pdf/m/n on input line 42.
LaTeX Font Info:    ... okay on input line 42.
(/usr/local/texlive/2022/texmf-dist/tex/context/base/mkii/supp-pdf.mkii
[Loading MPS to PDF converter (version 2006.09.02).]
\scratchcounter=\count331
\scratchdimen=\dimen258
\scratchbox=\box116
\nofMPsegments=\count332
\nofMParguments=\count333
\everyMPshowfont=\toks27
\MPscratchCnt=\count334
\MPscratchDim=\dimen259
\MPnumerator=\count335
\makeMPintoPDFobject=\count336
\everyMPtoPDFconversion=\toks28
) (/usr/local/texlive/2022/texmf-dist/tex/latex/epstopdf-pkg/epstopdf-base.sty
Package: epstopdf-base 2020-01-24 v2.11 Base part for package epstopdf
Package epstopdf-base Info: Redefining graphics rule for `.eps' on input line 485.
 (/usr/local/texlive/2022/texmf-dist/tex/latex/latexconfig/epstopdf-sys.cfg
File: epstopdf-sys.cfg 2010/07/13 v1.3 Configuration of (r)epstopdf for TeX Live
))
*geometry* driver: auto-detecting
*geometry* detected driver: pdftex
*geometry* verbose mode - [ preamble ] result:
* driver: pdftex
* paper: <default>
* layout: <same size as paper>
* layoutoffset:(h,v)=(0.0pt,0.0pt)
* modes: 
* h-part:(L,W,R)=(72.26999pt, 469.75502pt, 72.26999pt)
* v-part:(T,H,B)=(36.135pt, 686.565pt, 72.26999pt)
* \paperwidth=614.295pt
* \paperheight=794.96999pt
* \textwidth=469.75502pt
* \textheight=686.565pt
* \oddsidemargin=0.0pt
* \evensidemargin=0.0pt
* \topmargin=-73.135pt
* \headheight=12.0pt
* \headsep=25.0pt
* \topskip=11.0pt
* \footskip=30.0pt
* \marginparwidth=59.0pt
* \marginparsep=10.0pt
* \columnsep=10.0pt
* \skip\footins=10.0pt plus 4.0pt minus 2.0pt
* \hoffset=0.0pt
* \voffset=0.0pt
* \mag=1000
* \@twocolumnfalse
* \@twosidefalse
* \@mparswitchfalse
* \@reversemarginfalse
* (1in=72.27pt=25.4mm, 1cm=28.453pt)

Package caption Info: Begin \AtBeginDocument code.
Package caption Info: float package is loaded.
Package caption Info: hyperref package is loaded.
Package caption Info: listings package is loaded.
Package caption Info: longtable package is loaded.
(/usr/local/texlive/2022/texmf-dist/tex/latex/caption/ltcaption.sty
Package: ltcaption 2021/01/08 v1.4c longtable captions (AR)
)
Package caption Info: End \AtBeginDocument code.
\c@lstlisting=\count337
Package hyperref Info: Link coloring ON on input line 42.
 (/usr/local/texlive/2022/texmf-dist/tex/latex/hyperref/nameref.sty
Package: nameref 2021-04-02 v2.47 Cross-referencing by name of section
 (/usr/local/texlive/2022/texmf-dist/tex/latex/refcount/refcount.sty
Package: refcount 2019/12/15 v3.6 Data extraction from label references (HO)
) (/usr/local/texlive/2022/texmf-dist/tex/generic/gettitlestring/gettitlestring.sty
Package: gettitlestring 2019/12/15 v1.6 Cleanup title references (HO)
)
\c@section@level=\count338
)
LaTeX Info: Redefining \ref on input line 42.
LaTeX Info: Redefining \pageref on input line 42.
LaTeX Info: Redefining \nameref on input line 42.
\@outlinefile=\write3
\openout3 = `report1_20230830.out'.

LaTeX Font Info:    Trying to load font information for U+rsfs on input line 49.
 (/usr/local/texlive/2022/texmf-dist/tex/latex/jknapltx/ursfs.fd
File: ursfs.fd 1998/03/24 rsfs font definition file (jk)
)
LaTeX Font Info:    Trying to load font information for U+msa on input line 49.
 (/usr/local/texlive/2022/texmf-dist/tex/latex/amsfonts/umsa.fd
File: umsa.fd 2013/01/14 v3.01 AMS symbols A
)
LaTeX Font Info:    Trying to load font information for U+msb on input line 49.
 (/usr/local/texlive/2022/texmf-dist/tex/latex/amsfonts/umsb.fd
File: umsb.fd 2013/01/14 v3.01 AMS symbols B
)

Package hyperref Warning: Token not allowed in a PDF string (Unicode):
(hyperref)                removing `math shift' on input line 68.


Package hyperref Warning: Token not allowed in a PDF string (Unicode):
(hyperref)                removing `\epsilon' on input line 68.


Package hyperref Warning: Token not allowed in a PDF string (Unicode):
(hyperref)                removing `math shift' on input line 68.

<1.PNG, id=4, 432.61626pt x 271.0125pt>
File: 1.PNG Graphic file (type png)
<use 1.PNG>
Package pdftex.def Info: 1.PNG  used on input line 72.
(pdftex.def)             Requested size: 422.77664pt x 264.85847pt.
<2.PNG, id=6, 416.55624pt x 271.0125pt>
File: 2.PNG Graphic file (type png)
<use 2.PNG>
Package pdftex.def Info: 2.PNG  used on input line 80.
(pdftex.def)             Requested size: 422.77664pt x 275.0727pt.
[1

{/usr/local/texlive/2022/texmf-var/fonts/map/pdftex/updmap/pdftex.map} <./1.PNG>]
<3.PNG, id=23, 421.575pt x 278.03876pt>
File: 3.PNG Graphic file (type png)
<use 3.PNG>
Package pdftex.def Info: 3.PNG  used on input line 88.
(pdftex.def)             Requested size: 422.77664pt x 278.83566pt.
<4.PNG, id=24, 437.635pt x 272.01625pt>
File: 4.PNG Graphic file (type png)
<use 4.PNG>
Package pdftex.def Info: 4.PNG  used on input line 98.
(pdftex.def)             Requested size: 422.77664pt x 262.78458pt.
 [2 <./2.PNG> <./3.PNG>]
<5.PNG, id=33, 455.7025pt x 277.035pt>
File: 5.PNG Graphic file (type png)
<use 5.PNG>
Package pdftex.def Info: 5.PNG  used on input line 106.
(pdftex.def)             Requested size: 422.77664pt x 257.0227pt.
<6.PNG, id=34, 455.7025pt x 281.05pt>
File: 6.PNG Graphic file (type png)
<use 6.PNG>
Package pdftex.def Info: 6.PNG  used on input line 114.
(pdftex.def)             Requested size: 422.77664pt x 260.74767pt.
 [3 <./4.PNG> <./5.PNG>]

Package hyperref Warning: Token not allowed in a PDF string (Unicode):
(hyperref)                removing `math shift' on input line 120.


Package hyperref Warning: Token not allowed in a PDF string (Unicode):
(hyperref)                removing `\epsilon' on input line 120.


Package hyperref Warning: Token not allowed in a PDF string (Unicode):
(hyperref)                removing `math shift' on input line 120.

<7.PNG, id=43, 443.6575pt x 281.05pt>
File: 7.PNG Graphic file (type png)
<use 7.PNG>
Package pdftex.def Info: 7.PNG  used on input line 124.
(pdftex.def)             Requested size: 422.77664pt x 267.81935pt.
<8.PNG, id=44, 427.5975pt x 273.02pt>
File: 8.PNG Graphic file (type png)
<use 8.PNG>
Package pdftex.def Info: 8.PNG  used on input line 132.
(pdftex.def)             Requested size: 422.77664pt x 269.94069pt.
[4 <./6.PNG> <./7.PNG>]
<9.PNG, id=54, 405.515pt x 273.02pt>
File: 9.PNG Graphic file (type png)
<use 9.PNG>
Package pdftex.def Info: 9.PNG  used on input line 140.
(pdftex.def)             Requested size: 422.77664pt x 284.65063pt.
<10.PNG, id=55, 446.66875pt x 276.03125pt>
File: 10.PNG Graphic file (type png)
<use 10.PNG>
Package pdftex.def Info: 10.PNG  used on input line 150.
(pdftex.def)             Requested size: 422.77664pt x 261.27208pt.
 [5 <./8.PNG> <./9.PNG>]
<11.PNG, id=64, 459.7175pt x 282.05376pt>
File: 11.PNG Graphic file (type png)
<use 11.PNG>
Package pdftex.def Info: 11.PNG  used on input line 158.
(pdftex.def)             Requested size: 422.77664pt x 259.4022pt.
<12.PNG, id=65, 443.6575pt x 275.0275pt>
File: 12.PNG Graphic file (type png)
<use 12.PNG>
Package pdftex.def Info: 12.PNG  used on input line 166.
(pdftex.def)             Requested size: 422.77664pt x 262.08038pt.
 [6 <./10.PNG> <./11.PNG>]

Package hyperref Warning: Token not allowed in a PDF string (Unicode):
(hyperref)                removing `math shift' on input line 173.


Package hyperref Warning: Token not allowed in a PDF string (Unicode):
(hyperref)                removing `\epsilon' on input line 173.


Package hyperref Warning: Token not allowed in a PDF string (Unicode):
(hyperref)                removing `math shift' on input line 173.

<13.PNG, id=74, 410.53375pt x 281.05pt>
File: 13.PNG Graphic file (type png)
<use 13.PNG>
Package pdftex.def Info: 13.PNG  used on input line 178.
(pdftex.def)             Requested size: 422.77664pt x 289.42897pt.
<14.PNG, id=75, 430.60875pt x 274.02374pt>
File: 14.PNG Graphic file (type png)
<use 14.PNG>
Package pdftex.def Info: 14.PNG  used on input line 186.
(pdftex.def)             Requested size: 422.77664pt x 269.04736pt.
[7 <./12.PNG> <./13.PNG>]
<15.PNG, id=86, 430.60875pt x 278.03876pt>
File: 15.PNG Graphic file (type png)
<use 15.PNG>
Package pdftex.def Info: 15.PNG  used on input line 194.
(pdftex.def)             Requested size: 422.77664pt x 272.98946pt.
<16.PNG, id=87, 407.5225pt x 266.9975pt>
File: 16.PNG Graphic file (type png)
<use 16.PNG>
Package pdftex.def Info: 16.PNG  used on input line 204.
(pdftex.def)             Requested size: 422.77664pt x 277.00269pt.
 [8 <./14.PNG> <./15.PNG>]
<17.PNG, id=96, 436.63126pt x 286.06876pt>
File: 17.PNG Graphic file (type png)
<use 17.PNG>
Package pdftex.def Info: 17.PNG  used on input line 212.
(pdftex.def)             Requested size: 422.77664pt x 276.9931pt.
<18.PNG, id=97, 404.51125pt x 264.99pt>
File: 18.PNG Graphic file (type png)
<use 18.PNG>
Package pdftex.def Info: 18.PNG  used on input line 220.
(pdftex.def)             Requested size: 422.77664pt x 276.9619pt.
 [9 <./16.PNG> <./17.PNG>]

Package hyperref Warning: Token not allowed in a PDF string (Unicode):
(hyperref)                removing `math shift' on input line 229.


Package hyperref Warning: Token not allowed in a PDF string (Unicode):
(hyperref)                removing `\epsilon' on input line 229.


Package hyperref Warning: Token not allowed in a PDF string (Unicode):
(hyperref)                removing `math shift' on input line 229.

<19.PNG, id=106, 428.60126pt x 272.01625pt>
File: 19.PNG Graphic file (type png)
<use 19.PNG>
Package pdftex.def Info: 19.PNG  used on input line 233.
(pdftex.def)             Requested size: 422.77664pt x 268.32152pt.
[10 <./18.PNG>]
<20.PNG, id=114, 435.6275pt x 278.03876pt>
File: 20.PNG Graphic file (type png)
<use 20.PNG>
Package pdftex.def Info: 20.PNG  used on input line 241.
(pdftex.def)             Requested size: 422.77664pt x 269.83727pt.
<21.PNG, id=115, 436.63126pt x 277.035pt>
File: 21.PNG Graphic file (type png)
<use 21.PNG>
Package pdftex.def Info: 21.PNG  used on input line 249.
(pdftex.def)             Requested size: 422.77664pt x 268.24594pt.
 [11 <./19.PNG> <./20.PNG>]
<22.PNG, id=125, 457.71pt x 264.99pt>
File: 22.PNG Graphic file (type png)
<use 22.PNG>
Package pdftex.def Info: 22.PNG  used on input line 259.
(pdftex.def)             Requested size: 422.77664pt x 244.7763pt.
<23.PNG, id=126, 463.7325pt x 278.03876pt>
File: 23.PNG Graphic file (type png)
<use 23.PNG>
Package pdftex.def Info: 23.PNG  used on input line 267.
(pdftex.def)             Requested size: 422.77664pt x 253.48657pt.
 [12 <./21.PNG> <./22.PNG>]
<24.PNG, id=135, 466.74374pt x 271.0125pt>
File: 24.PNG Graphic file (type png)
<use 24.PNG>
Package pdftex.def Info: 24.PNG  used on input line 275.
(pdftex.def)             Requested size: 422.77664pt x 245.49281pt.


Package hyperref Warning: Token not allowed in a PDF string (Unicode):
(hyperref)                removing `math shift' on input line 281.


Package hyperref Warning: Token not allowed in a PDF string (Unicode):
(hyperref)                removing `\epsilon' on input line 281.


Package hyperref Warning: Token not allowed in a PDF string (Unicode):
(hyperref)                removing `math shift' on input line 281.

<25.PNG, id=136, 441.65pt x 269.005pt>
File: 25.PNG Graphic file (type png)
<use 25.PNG>
Package pdftex.def Info: 25.PNG  used on input line 285.
(pdftex.def)             Requested size: 422.77664pt x 257.51942pt.
[13 <./23.PNG> <./24.PNG>]
<26.PNG, id=146, 396.48125pt x 283.0575pt>
File: 26.PNG Graphic file (type png)
<use 26.PNG>
Package pdftex.def Info: 26.PNG  used on input line 293.
(pdftex.def)             Requested size: 422.77664pt x 301.83624pt.
<27.PNG, id=147, 402.50375pt x 257.96375pt>
File: 27.PNG Graphic file (type png)
<use 27.PNG>
Package pdftex.def Info: 27.PNG  used on input line 301.
(pdftex.def)             Requested size: 422.77664pt x 270.95651pt.
 [14 <./25.PNG> <./26.PNG>]
<28.PNG, id=157, 433.62pt x 285.065pt>
File: 28.PNG Graphic file (type png)
<use 28.PNG>
Package pdftex.def Info: 28.PNG  used on input line 311.
(pdftex.def)             Requested size: 422.77664pt x 277.95247pt.
<29.PNG, id=158, 414.54875pt x 279.0425pt>
File: 29.PNG Graphic file (type png)
<use 29.PNG>
Package pdftex.def Info: 29.PNG  used on input line 319.
(pdftex.def)             Requested size: 422.77664pt x 284.58977pt.
 [15 <./27.PNG> <./28.PNG>]
<30.PNG, id=167, 432.61626pt x 271.0125pt>
File: 30.PNG Graphic file (type png)
<use 30.PNG>
Package pdftex.def Info: 30.PNG  used on input line 327.
(pdftex.def)             Requested size: 422.77664pt x 264.85847pt.


Package hyperref Warning: Token not allowed in a PDF string (Unicode):
(hyperref)                removing `math shift' on input line 334.


Package hyperref Warning: Token not allowed in a PDF string (Unicode):
(hyperref)                removing `\epsilon' on input line 334.


Package hyperref Warning: Token not allowed in a PDF string (Unicode):
(hyperref)                removing `math shift' on input line 334.

<31.PNG, id=168, 445.665pt x 288.07625pt>
File: 31.PNG Graphic file (type png)
<use 31.PNG>
Package pdftex.def Info: 31.PNG  used on input line 339.
(pdftex.def)             Requested size: 422.77664pt x 273.28404pt.
[16 <./29.PNG> <./30.PNG>]
<32.PNG, id=177, 396.48125pt x 266.9975pt>
File: 32.PNG Graphic file (type png)
<use 32.PNG>
Package pdftex.def Info: 32.PNG  used on input line 347.
(pdftex.def)             Requested size: 422.77664pt x 284.71078pt.
 [17 <./31.PNG>]
<33.PNG, id=185, 397.485pt x 266.9975pt>
File: 33.PNG Graphic file (type png)
<use 33.PNG>
Package pdftex.def Info: 33.PNG  used on input line 355.
(pdftex.def)             Requested size: 422.77664pt x 283.99374pt.
<34.PNG, id=186, 417.56pt x 283.0575pt>
File: 34.PNG Graphic file (type png)
<use 34.PNG>
Package pdftex.def Info: 34.PNG  used on input line 365.
(pdftex.def)             Requested size: 422.77664pt x 286.6114pt.
 [18 <./32.PNG> <./33.PNG>]
<35.PNG, id=195, 415.5525pt x 282.05376pt>
File: 35.PNG Graphic file (type png)
<use 35.PNG>
Package pdftex.def Info: 35.PNG  used on input line 373.
(pdftex.def)             Requested size: 422.77664pt x 286.96797pt.
<36.PNG, id=196, 426.59375pt x 285.065pt>
File: 36.PNG Graphic file (type png)
<use 36.PNG>
Package pdftex.def Info: 36.PNG  used on input line 381.
(pdftex.def)             Requested size: 422.77664pt x 282.53275pt.
 [19 <./34.PNG> <./35.PNG>]

Package hyperref Warning: Token not allowed in a PDF string (Unicode):
(hyperref)                removing `math shift' on input line 390.


Package hyperref Warning: Token not allowed in a PDF string (Unicode):
(hyperref)                removing `\epsilon' on input line 390.


Package hyperref Warning: Token not allowed in a PDF string (Unicode):
(hyperref)                removing `math shift' on input line 390.

<37.PNG, id=207, 438.63875pt x 268.00125pt>
File: 37.PNG Graphic file (type png)
<use 37.PNG>
Package pdftex.def Info: 37.PNG  used on input line 394.
(pdftex.def)             Requested size: 422.77664pt x 258.31696pt.
[20 <./36.PNG>]
<38.PNG, id=215, 434.62375pt x 279.0425pt>
File: 38.PNG Graphic file (type png)
<use 38.PNG>
Package pdftex.def Info: 38.PNG  used on input line 402.
(pdftex.def)             Requested size: 422.77664pt x 271.45433pt.
<39.PNG, id=216, 426.59375pt x 279.0425pt>
File: 39.PNG Graphic file (type png)
<use 39.PNG>
Package pdftex.def Info: 39.PNG  used on input line 410.
(pdftex.def)             Requested size: 422.77664pt x 276.56374pt.
 [21 <./37.PNG> <./38.PNG>]
<40.PNG, id=226, 437.635pt x 280.04625pt>
File: 40.PNG Graphic file (type png)
<use 40.PNG>
Package pdftex.def Info: 40.PNG  used on input line 420.
(pdftex.def)             Requested size: 422.77664pt x 270.54204pt.
<41.PNG, id=227, 415.5525pt x 283.0575pt>
File: 41.PNG Graphic file (type png)
<use 41.PNG>
Package pdftex.def Info: 41.PNG  used on input line 428.
(pdftex.def)             Requested size: 422.77664pt x 287.9892pt.
 [22 <./39.PNG> <./40.PNG>]
<42.PNG, id=236, 436.63126pt x 280.04625pt>
File: 42.PNG Graphic file (type png)
<use 42.PNG>
Package pdftex.def Info: 42.PNG  used on input line 436.
(pdftex.def)             Requested size: 422.77664pt x 271.16165pt.


Package hyperref Warning: Token not allowed in a PDF string (Unicode):
(hyperref)                removing `math shift' on input line 442.


Package hyperref Warning: Token not allowed in a PDF string (Unicode):
(hyperref)                removing `\epsilon' on input line 442.


Package hyperref Warning: Token not allowed in a PDF string (Unicode):
(hyperref)                removing `math shift' on input line 442.

<43.PNG, id=237, 430.60875pt x 286.06876pt>
File: 43.PNG Graphic file (type png)
<use 43.PNG>
Package pdftex.def Info: 43.PNG  used on input line 446.
(pdftex.def)             Requested size: 422.77664pt x 280.87364pt.
[23 <./41.PNG> <./42.PNG>]
<44.PNG, id=246, 467.7475pt x 281.05pt>
File: 44.PNG Graphic file (type png)
<use 44.PNG>
Package pdftex.def Info: 44.PNG  used on input line 454.
(pdftex.def)             Requested size: 422.77664pt x 254.0405pt.
<45.PNG, id=247, 436.63126pt x 281.05pt>
File: 45.PNG Graphic file (type png)
<use 45.PNG>
Package pdftex.def Info: 45.PNG  used on input line 462.
(pdftex.def)             Requested size: 422.77664pt x 272.13356pt.
 [24 <./43.PNG> <./44.PNG>]
<46.PNG, id=257, 454.69875pt x 285.065pt>
File: 46.PNG Graphic file (type png)
<use 46.PNG>
Package pdftex.def Info: 46.PNG  used on input line 472.
(pdftex.def)             Requested size: 422.77664pt x 265.05551pt.
<47.PNG, id=258, 421.575pt x 280.04625pt>
File: 47.PNG Graphic file (type png)
<use 47.PNG>
Package pdftex.def Info: 47.PNG  used on input line 480.
(pdftex.def)             Requested size: 422.77664pt x 280.84889pt.
 [25 <./45.PNG> <./46.PNG>]
<48.PNG, id=268, 420.57124pt x 283.0575pt>
File: 48.PNG Graphic file (type png)
<use 48.PNG>
Package pdftex.def Info: 48.PNG  used on input line 488.
(pdftex.def)             Requested size: 422.77664pt x 284.54688pt.


Package hyperref Warning: Token not allowed in a PDF string (Unicode):
(hyperref)                removing `math shift' on input line 495.


Package hyperref Warning: Token not allowed in a PDF string (Unicode):
(hyperref)                removing `\epsilon' on input line 495.


Package hyperref Warning: Token not allowed in a PDF string (Unicode):
(hyperref)                removing `math shift' on input line 495.

<49.PNG, id=269, 452.69125pt x 275.0275pt>
File: 49.PNG Graphic file (type png)
<use 49.PNG>
Package pdftex.def Info: 49.PNG  used on input line 500.
(pdftex.def)             Requested size: 422.77664pt x 256.85144pt.
[26 <./47.PNG> <./48.PNG>]
<50.PNG, id=278, 429.605pt x 280.04625pt>
File: 50.PNG Graphic file (type png)
<use 50.PNG>
Package pdftex.def Info: 50.PNG  used on input line 508.
(pdftex.def)             Requested size: 422.77664pt x 275.60146pt.
<51.PNG, id=279, 412.54124pt x 276.03125pt>
File: 51.PNG Graphic file (type png)
<use 51.PNG>
Package pdftex.def Info: 51.PNG  used on input line 516.
(pdftex.def)             Requested size: 422.77664pt x 282.8833pt.
 [27 <./49.PNG> <./50.PNG>]
<52.PNG, id=289, 410.53375pt x 268.00125pt>
File: 52.PNG Graphic file (type png)
<use 52.PNG>
Package pdftex.def Info: 52.PNG  used on input line 526.
(pdftex.def)             Requested size: 422.77664pt x 275.9912pt.
<53.PNG, id=290, 428.60126pt x 285.065pt>
File: 53.PNG Graphic file (type png)
<use 53.PNG>
Package pdftex.def Info: 53.PNG  used on input line 534.
(pdftex.def)             Requested size: 422.77664pt x 281.19302pt.
 [28 <./51.PNG> <./52.PNG>]
<54.PNG, id=299, 416.55624pt x 281.05pt>
File: 54.PNG Graphic file (type png)
<use 54.PNG>
Package pdftex.def Info: 54.PNG  used on input line 542.
(pdftex.def)             Requested size: 422.77664pt x 285.26057pt.
 [29 <./53.PNG> <./54.PNG>]
<55.PNG, id=308, 432.61626pt x 288.07625pt>
File: 55.PNG Graphic file (type png)
<use 55.PNG>
Package pdftex.def Info: 55.PNG  used on input line 555.
(pdftex.def)             Requested size: 422.77664pt x 281.53474pt.
<56.PNG, id=309, 434.62375pt x 285.065pt>
File: 56.PNG Graphic file (type png)
<use 56.PNG>
Package pdftex.def Info: 56.PNG  used on input line 563.
(pdftex.def)             Requested size: 422.77664pt x 277.31306pt.
 [30 <./55.PNG>]
<57.PNG, id=318, 407.5225pt x 286.06876pt>
File: 57.PNG Graphic file (type png)
<use 57.PNG>
Package pdftex.def Info: 57.PNG  used on input line 571.
(pdftex.def)             Requested size: 422.77664pt x 296.78862pt.


Package hyperref Warning: Token not allowed in a PDF string (Unicode):
(hyperref)                removing `math shift' on input line 578.


Package hyperref Warning: Token not allowed in a PDF string (Unicode):
(hyperref)                removing `\epsilon' on input line 578.


Package hyperref Warning: Token not allowed in a PDF string (Unicode):
(hyperref)                removing `math shift' on input line 578.

[31 <./56.PNG> <./57.PNG>]
<58.PNG, id=328, 879.285pt x 503.8825pt>
File: 58.PNG Graphic file (type png)
<use 58.PNG>
Package pdftex.def Info: 58.PNG  used on input line 586.
(pdftex.def)             Requested size: 422.77664pt x 242.27603pt.
<59.PNG, id=329, 869.2475pt x 523.9575pt>
File: 59.PNG Graphic file (type png)
<use 59.PNG>
Package pdftex.def Info: 59.PNG  used on input line 604.
(pdftex.def)             Requested size: 422.77664pt x 254.83862pt.
 [32 <./58.PNG>] [33 <./59.PNG>] (./report1_20230830.aux)

LaTeX Warning: Label(s) may have changed. Rerun to get cross-references right.


Package rerunfilecheck Warning: File `report1_20230830.out' has changed.
(rerunfilecheck)                Rerun to get outlines right
(rerunfilecheck)                or use package `bookmark'.

Package rerunfilecheck Info: Checksums for `report1_20230830.out':
(rerunfilecheck)             Before: <no file>
(rerunfilecheck)             After:  6C6FF4DF30A288D80D567826157856B0;3238.
 ) 
Here is how much of TeX's memory you used:
 16459 strings out of 478268
 260946 string characters out of 5846347
 555633 words of memory out of 5000000
 34263 multiletter control sequences out of 15000+600000
 495797 words of font info for 104 fonts, out of 8000000 for 9000
 1141 hyphenation exceptions out of 8191
 68i,6n,76p,310b,355s stack positions out of 10000i,1000n,20000p,200000b,200000s
{/usr/local/texlive/2022/texmf-dist/fonts/enc/dvips/base/8r.enc}</usr/local/texlive/2022/texmf-dist/fonts/type1/public/amsfonts/cm/cmmi10.pfb></usr/local/texlive/2022/texmf-dist/fonts/type1/public/amsfonts/cm/cmmi12.pfb></usr/local/texlive/2022/texmf-dist/fonts/type1/public/amsfonts/cm/cmmi8.pfb></usr/local/texlive/2022/texmf-dist/fonts/type1/public/amsfonts/cm/cmr10.pfb></usr/local/texlive/2022/texmf-dist/fonts/type1/urw/times/utmb8a.pfb></usr/local/texlive/2022/texmf-dist/fonts/type1/urw/times/utmr8a.pfb>
Output written on report1_20230830.pdf (33 pages, 6206599 bytes).
PDF statistics:
 397 PDF objects out of 1000 (max. 8388607)
 231 compressed objects within 3 object streams
 111 named destinations out of 1000 (max. 500000)
 296 words of extra memory for PDF output out of 10000 (max. 10000000)

