\BOOKMARK [1][-]{section.1}{\376\377\173\054\116\000\377\014\176\374\217\360}{}% 1
\BOOKMARK [1][-]{section.2}{\376\377\173\054\116\214\377\014\147\037\215\047\173\126\165\145}{}% 2
\BOOKMARK [2][-]{subsection.2.1}{\376\377\176\374\217\360}{section.2}% 3
\BOOKMARK [2][-]{subsection.2.2}{\376\377\173\054\116\000\220\350\122\006\377\014\145\160\143\156\156\005\155\027\124\214\221\307\226\306}{section.2}% 4
\BOOKMARK [2][-]{subsection.2.3}{\376\377\173\054\116\214\220\350\122\006\377\014\126\340\133\120\213\241\173\227}{section.2}% 5
\BOOKMARK [3][-]{subsubsection.2.3.1}{\376\377\124\004\174\173\126\340\133\120\174\173\122\053}{subsection.2.3}% 6
\BOOKMARK [3][-]{subsubsection.2.3.2}{\376\377\126\340\133\120\173\133\220\011\124\214\147\011\145\110\126\340\133\120\213\306\122\053}{subsection.2.3}% 7
\BOOKMARK [3][-]{subsubsection.2.3.3}{\376\377\162\171\137\201\135\345\172\013}{subsection.2.3}% 8
\BOOKMARK [2][-]{subsection.2.4}{\376\377\173\054\116\011\220\350\122\006\377\014\213\241\173\227\145\066\166\312\163\207}{section.2}% 9
\BOOKMARK [3][-]{subsubsection.2.4.1}{\376\377\124\010\142\020\117\341\123\367}{subsection.2.4}% 10
\BOOKMARK [3][-]{subsubsection.2.4.2}{\376\377\142\113\135\345\124\010\142\020}{subsection.2.4}% 11
\BOOKMARK [3][-]{subsubsection.2.4.3}{\376\377\147\072\126\150\133\146\116\140}{subsection.2.4}% 12
\BOOKMARK [3][-]{subsubsection.2.4.4}{\376\377\176\304\124\010\142\052\227\142}{subsection.2.4}% 13
\BOOKMARK [3][-]{subsubsection.2.4.5}{\376\377\142\113\135\345\124\010\142\020}{subsection.2.4}% 14
\BOOKMARK [3][-]{subsubsection.2.4.6}{\376\377\147\072\126\150\133\146\116\140}{subsection.2.4}% 15
\BOOKMARK [3][-]{subsubsection.2.4.7}{\376\377\145\066\166\312\213\241\173\227}{subsection.2.4}% 16
\BOOKMARK [2][-]{subsection.2.5}{\376\377\173\054\126\333\220\350\122\006\377\014\116\244\146\023\176\323\147\204}{section.2}% 17
\BOOKMARK [1][-]{section.3}{\376\377\173\054\116\011\377\014\155\361\136\246\133\146\116\140}{}% 18
\BOOKMARK [2][-]{subsection.3.1}{\376\377\173\054\116\000\220\350\122\006\377\014\176\374\217\360}{section.3}% 19
\BOOKMARK [2][-]{subsection.3.2}{\376\377\173\054\116\214\220\350\122\006\377\014\152\041\127\213\140\073\176\323}{section.3}% 20
\BOOKMARK [2][-]{subsection.3.3}{\376\377\173\054\116\011\220\350\122\006\377\014\124\004\174\173\170\024\172\166}{section.3}% 21
\BOOKMARK [3][-]{subsubsection.3.3.1}{\376\377\147\000\176\310\176\323\147\204}{subsection.3.3}% 22
\BOOKMARK [3][-]{subsubsection.3.3.2}{\376\377\000b\000o\000t\000t\000l\000e\000n\000e\000c\000k}{subsection.3.3}% 23
\BOOKMARK [3][-]{subsubsection.3.3.3}{\376\377\000m\000o\000b\000i\000l\000e\000n\000e\000t}{subsection.3.3}% 24
\BOOKMARK [2][-]{subsection.3.4}{\376\377\173\054\126\333\377\014\171\136\176\317\171\321\133\146\145\271\154\325\170\024\172\166}{section.3}% 25
\BOOKMARK [2][-]{subsection.3.5}{\376\377\173\054\116\224\377\014\232\330\140\047\200\375\213\241\173\227}{section.3}% 26
\BOOKMARK [1][-]{section.4}{\376\377\173\054\126\333\377\014\121\166\116\326\133\146\116\140}{}% 27
\BOOKMARK [2][-]{subsection.4.1}{\376\377\226\005\213\373\213\272\145\207}{section.4}% 28
